<?xml version="1.0" encoding="UTF-8"?>
<coverage generated="1740667014538" clover="3.2.0">
  <project timestamp="1740667014538" name="All files">
    <metrics statements="122" coveredstatements="102" conditionals="35" coveredconditionals="26" methods="36" coveredmethods="26" elements="193" coveredelements="154" complexity="0" loc="122" ncloc="122" packages="2" files="5" classes="5"/>
    <package name="virtual-keyboard">
      <metrics statements="67" coveredstatements="57" conditionals="25" coveredconditionals="20" methods="22" coveredmethods="14"/>
      <file name="index.js" path="/Users/annaostanina/Documents/VSCode/RS SCHOOL/virtual-keyboard/index.js">
        <metrics statements="67" coveredstatements="57" conditionals="25" coveredconditionals="20" methods="22" coveredmethods="14"/>
        <line num="17" count="1" type="stmt"/>
        <line num="18" count="1" type="stmt"/>
        <line num="19" count="1" type="stmt"/>
        <line num="20" count="1" type="stmt"/>
        <line num="21" count="1" type="stmt"/>
        <line num="26" count="1" type="stmt"/>
        <line num="27" count="1" type="stmt"/>
        <line num="28" count="1" type="stmt"/>
        <line num="29" count="1" type="stmt"/>
        <line num="32" count="4" type="stmt"/>
        <line num="36" count="1" type="stmt"/>
        <line num="37" count="1" type="cond" truecount="1" falsecount="1"/>
        <line num="38" count="1" type="stmt"/>
        <line num="39" count="1" type="stmt"/>
        <line num="40" count="1" type="stmt"/>
        <line num="41" count="1" type="stmt"/>
        <line num="46" count="1" type="stmt"/>
        <line num="47" count="1" type="stmt"/>
        <line num="48" count="1" type="stmt"/>
        <line num="52" count="1" type="stmt"/>
        <line num="53" count="1" type="stmt"/>
        <line num="54" count="1" type="stmt"/>
        <line num="55" count="1" type="stmt"/>
        <line num="59" count="5" type="cond" truecount="5" falsecount="1"/>
        <line num="61" count="1" type="stmt"/>
        <line num="66" count="1" type="stmt"/>
        <line num="67" count="0" type="stmt"/>
        <line num="71" count="1" type="stmt"/>
        <line num="72" count="0" type="stmt"/>
        <line num="75" count="1" type="stmt"/>
        <line num="80" count="1" type="stmt"/>
        <line num="81" count="1" type="stmt"/>
        <line num="83" count="0" type="stmt"/>
        <line num="87" count="1" type="stmt"/>
        <line num="90" count="0" type="stmt"/>
        <line num="91" count="0" type="stmt"/>
        <line num="92" count="0" type="stmt"/>
        <line num="93" count="0" type="stmt"/>
        <line num="96" count="0" type="stmt"/>
        <line num="101" count="5" type="stmt"/>
        <line num="102" count="5" type="stmt"/>
        <line num="103" count="18" type="cond" truecount="2" falsecount="0"/>
        <line num="109" count="14" type="stmt"/>
        <line num="111" count="4" type="stmt"/>
        <line num="117" count="5" type="stmt"/>
        <line num="118" count="45" type="stmt"/>
        <line num="119" count="45" type="stmt"/>
        <line num="124" count="5" type="stmt"/>
        <line num="125" count="5" type="stmt"/>
        <line num="128" count="5" type="stmt"/>
        <line num="131" count="5" type="stmt"/>
        <line num="133" count="5" type="stmt"/>
        <line num="136" count="1" type="stmt"/>
        <line num="137" count="5" type="stmt"/>
        <line num="138" count="5" type="stmt"/>
        <line num="141" count="1" type="stmt"/>
        <line num="144" count="3" type="stmt"/>
        <line num="145" count="3" type="cond" truecount="1" falsecount="1"/>
        <line num="146" count="3" type="cond" truecount="2" falsecount="0"/>
        <line num="149" count="3" type="stmt"/>
        <line num="153" count="1" type="stmt"/>
        <line num="154" count="2" type="cond" truecount="2" falsecount="0"/>
        <line num="155" count="1" type="stmt"/>
        <line num="159" count="1" type="stmt"/>
        <line num="160" count="0" type="cond" truecount="0" falsecount="2"/>
        <line num="161" count="0" type="stmt"/>
        <line num="165" count="45" type="stmt"/>
      </file>
    </package>
    <package name="virtual-keyboard.src">
      <metrics statements="55" coveredstatements="45" conditionals="10" coveredconditionals="6" methods="14" coveredmethods="12"/>
      <file name="dataKeys.js" path="/Users/annaostanina/Documents/VSCode/RS SCHOOL/virtual-keyboard/src/dataKeys.js">
        <metrics statements="2" coveredstatements="2" conditionals="0" coveredconditionals="0" methods="0" coveredmethods="0"/>
        <line num="1" count="1" type="stmt"/>
        <line num="8" count="1" type="stmt"/>
      </file>
      <file name="layout.js" path="/Users/annaostanina/Documents/VSCode/RS SCHOOL/virtual-keyboard/src/layout.js">
        <metrics statements="23" coveredstatements="23" conditionals="2" coveredconditionals="2" methods="5" coveredmethods="5"/>
        <line num="2" count="4" type="stmt"/>
        <line num="3" count="4" type="stmt"/>
        <line num="13" count="4" type="stmt"/>
        <line num="14" count="4" type="stmt"/>
        <line num="18" count="2" type="stmt"/>
        <line num="19" count="2" type="stmt"/>
        <line num="34" count="2" type="stmt"/>
        <line num="35" count="2" type="stmt"/>
        <line num="39" count="2" type="stmt"/>
        <line num="40" count="2" type="stmt"/>
        <line num="49" count="2" type="stmt"/>
        <line num="50" count="2" type="stmt"/>
        <line num="54" count="1" type="stmt"/>
        <line num="55" count="1" type="stmt"/>
        <line num="56" count="1" type="stmt"/>
        <line num="65" count="1" type="stmt"/>
        <line num="66" count="1" type="stmt"/>
        <line num="70" count="64" type="stmt"/>
        <line num="71" count="64" type="stmt"/>
        <line num="72" count="64" type="stmt"/>
        <line num="73" count="64" type="cond" truecount="2" falsecount="0"/>
        <line num="74" count="12" type="stmt"/>
        <line num="76" count="64" type="stmt"/>
      </file>
      <file name="storage.js" path="/Users/annaostanina/Documents/VSCode/RS SCHOOL/virtual-keyboard/src/storage.js">
        <metrics statements="10" coveredstatements="10" conditionals="4" coveredconditionals="2" methods="4" coveredmethods="4"/>
        <line num="1" count="1" type="stmt"/>
        <line num="2" count="1" type="stmt"/>
        <line num="5" count="1" type="stmt"/>
        <line num="6" count="1" type="stmt"/>
        <line num="9" count="1" type="stmt"/>
        <line num="10" count="2" type="stmt"/>
        <line num="11" count="2" type="cond" truecount="1" falsecount="1"/>
        <line num="14" count="1" type="stmt"/>
        <line num="15" count="2" type="stmt"/>
        <line num="16" count="2" type="cond" truecount="1" falsecount="1"/>
      </file>
      <file name="utils.js" path="/Users/annaostanina/Documents/VSCode/RS SCHOOL/virtual-keyboard/src/utils.js">
        <metrics statements="20" coveredstatements="10" conditionals="4" coveredconditionals="2" methods="5" coveredmethods="3"/>
        <line num="10" count="4" type="stmt"/>
        <line num="11" count="4" type="stmt"/>
        <line num="12" count="24" type="stmt"/>
        <line num="13" count="24" type="stmt"/>
        <line num="14" count="24" type="cond" truecount="2" falsecount="0"/>
        <line num="15" count="24" type="stmt"/>
        <line num="20" count="2" type="stmt"/>
        <line num="21" count="2" type="stmt"/>
        <line num="22" count="2" type="stmt"/>
        <line num="23" count="2" type="stmt"/>
        <line num="27" count="0" type="cond" truecount="0" falsecount="2"/>
        <line num="28" count="0" type="stmt"/>
        <line num="30" count="0" type="stmt"/>
        <line num="31" count="0" type="stmt"/>
        <line num="33" count="0" type="stmt"/>
        <line num="34" count="0" type="stmt"/>
        <line num="40" count="0" type="stmt"/>
        <line num="41" count="0" type="stmt"/>
        <line num="42" count="0" type="stmt"/>
        <line num="43" count="0" type="stmt"/>
      </file>
    </package>
  </project>
</coverage>
