{"/Users/annaostanina/Documents/VSCode/RS SCHOOL/virtual-keyboard/index.js": {"path":"/Users/annaostanina/Documents/VSCode/RS SCHOOL/virtual-keyboard/index.js","statementMap":{"0":{"start":{"line":17,"column":0},"end":{"line":22,"column":3}},"1":{"start":{"line":18,"column":26},"end":{"line":18,"column":46}},"2":{"start":{"line":19,"column":20},"end":{"line":19,"column":33}},"3":{"start":{"line":20,"column":2},"end":{"line":20,"column":26}},"4":{"start":{"line":21,"column":2},"end":{"line":21,"column":30}},"5":{"start":{"line":26,"column":17},"end":{"line":26,"column":33}},"6":{"start":{"line":27,"column":17},"end":{"line":27,"column":41}},"7":{"start":{"line":28,"column":22},"end":{"line":28,"column":51}},"8":{"start":{"line":29,"column":0},"end":{"line":29,"column":24}},"9":{"start":{"line":32,"column":2},"end":{"line":32,"column":25}},"10":{"start":{"line":36,"column":25},"end":{"line":36,"column":48}},"11":{"start":{"line":37,"column":2},"end":{"line":42,"column":3}},"12":{"start":{"line":38,"column":17},"end":{"line":38,"column":31}},"13":{"start":{"line":39,"column":4},"end":{"line":39,"column":92}},"14":{"start":{"line":40,"column":4},"end":{"line":40,"column":49}},"15":{"start":{"line":41,"column":4},"end":{"line":41,"column":47}},"16":{"start":{"line":46,"column":25},"end":{"line":46,"column":48}},"17":{"start":{"line":47,"column":15},"end":{"line":47,"column":29}},"18":{"start":{"line":48,"column":18},"end":{"line":50,"column":5}},"19":{"start":{"line":52,"column":2},"end":{"line":52,"column":27}},"20":{"start":{"line":53,"column":2},"end":{"line":53,"column":47}},"21":{"start":{"line":54,"column":2},"end":{"line":54,"column":45}},"22":{"start":{"line":55,"column":2},"end":{"line":55,"column":19}},"23":{"start":{"line":59,"column":2},"end":{"line":97,"column":3}},"24":{"start":{"line":61,"column":6},"end":{"line":64,"column":8}},"25":{"start":{"line":66,"column":6},"end":{"line":69,"column":8}},"26":{"start":{"line":67,"column":59},"end":{"line":67,"column":74}},"27":{"start":{"line":71,"column":6},"end":{"line":73,"column":8}},"28":{"start":{"line":72,"column":66},"end":{"line":72,"column":102}},"29":{"start":{"line":75,"column":6},"end":{"line":78,"column":8}},"30":{"start":{"line":80,"column":6},"end":{"line":94,"column":8}},"31":{"start":{"line":81,"column":58},"end":{"line":81,"column":87}},"32":{"start":{"line":83,"column":10},"end":{"line":83,"column":30}},"33":{"start":{"line":87,"column":58},"end":{"line":87,"column":70}},"34":{"start":{"line":90,"column":59},"end":{"line":90,"column":71}},"35":{"start":{"line":91,"column":59},"end":{"line":91,"column":71}},"36":{"start":{"line":92,"column":59},"end":{"line":92,"column":71}},"37":{"start":{"line":93,"column":59},"end":{"line":93,"column":71}},"38":{"start":{"line":96,"column":6},"end":{"line":96,"column":16}},"39":{"start":{"line":101,"column":22},"end":{"line":101,"column":42}},"40":{"start":{"line":102,"column":2},"end":{"line":113,"column":5}},"41":{"start":{"line":103,"column":4},"end":{"line":112,"column":5}},"42":{"start":{"line":109,"column":6},"end":{"line":109,"column":27}},"43":{"start":{"line":111,"column":6},"end":{"line":111,"column":44}},"44":{"start":{"line":117,"column":2},"end":{"line":120,"column":3}},"45":{"start":{"line":117,"column":15},"end":{"line":117,"column":16}},"46":{"start":{"line":118,"column":16},"end":{"line":118,"column":46}},"47":{"start":{"line":119,"column":4},"end":{"line":119,"column":25}},"48":{"start":{"line":124,"column":14},"end":{"line":124,"column":43}},"49":{"start":{"line":125,"column":2},"end":{"line":125,"column":27}},"50":{"start":{"line":128,"column":2},"end":{"line":128,"column":24}},"51":{"start":{"line":131,"column":2},"end":{"line":131,"column":24}},"52":{"start":{"line":133,"column":2},"end":{"line":133,"column":13}},"53":{"start":{"line":136,"column":0},"end":{"line":139,"column":1}},"54":{"start":{"line":136,"column":13},"end":{"line":136,"column":14}},"55":{"start":{"line":137,"column":14},"end":{"line":137,"column":26}},"56":{"start":{"line":138,"column":2},"end":{"line":138,"column":33}},"57":{"start":{"line":141,"column":13},"end":{"line":141,"column":46}},"58":{"start":{"line":144,"column":14},"end":{"line":144,"column":26}},"59":{"start":{"line":145,"column":2},"end":{"line":150,"column":3}},"60":{"start":{"line":146,"column":18},"end":{"line":148,"column":23}},"61":{"start":{"line":149,"column":4},"end":{"line":149,"column":19}},"62":{"start":{"line":153,"column":0},"end":{"line":157,"column":3}},"63":{"start":{"line":154,"column":2},"end":{"line":156,"column":3}},"64":{"start":{"line":155,"column":4},"end":{"line":155,"column":26}},"65":{"start":{"line":159,"column":0},"end":{"line":163,"column":3}},"66":{"start":{"line":160,"column":2},"end":{"line":162,"column":3}},"67":{"start":{"line":161,"column":4},"end":{"line":161,"column":27}},"68":{"start":{"line":165,"column":0},"end":{"line":165,"column":65}},"69":{"start":{"line":165,"column":22},"end":{"line":165,"column":63}}},"fnMap":{"0":{"name":"(anonymous_0)","decl":{"start":{"line":17,"column":32},"end":{"line":17,"column":33}},"loc":{"start":{"line":17,"column":38},"end":{"line":22,"column":1}},"line":17},"1":{"name":"addText","decl":{"start":{"line":31,"column":9},"end":{"line":31,"column":16}},"loc":{"start":{"line":31,"column":23},"end":{"line":33,"column":1}},"line":31},"2":{"name":"deletePreviousChar","decl":{"start":{"line":35,"column":9},"end":{"line":35,"column":27}},"loc":{"start":{"line":35,"column":30},"end":{"line":43,"column":1}},"line":35},"3":{"name":"addEnter","decl":{"start":{"line":45,"column":9},"end":{"line":45,"column":17}},"loc":{"start":{"line":45,"column":20},"end":{"line":56,"column":1}},"line":45},"4":{"name":"createSpecialKeys","decl":{"start":{"line":58,"column":9},"end":{"line":58,"column":26}},"loc":{"start":{"line":58,"column":30},"end":{"line":98,"column":1}},"line":58},"5":{"name":"(anonymous_5)","decl":{"start":{"line":67,"column":53},"end":{"line":67,"column":54}},"loc":{"start":{"line":67,"column":59},"end":{"line":67,"column":74}},"line":67},"6":{"name":"(anonymous_6)","decl":{"start":{"line":72,"column":60},"end":{"line":72,"column":61}},"loc":{"start":{"line":72,"column":66},"end":{"line":72,"column":102}},"line":72},"7":{"name":"(anonymous_7)","decl":{"start":{"line":81,"column":52},"end":{"line":81,"column":53}},"loc":{"start":{"line":81,"column":58},"end":{"line":81,"column":87}},"line":81},"8":{"name":"(anonymous_8)","decl":{"start":{"line":82,"column":58},"end":{"line":82,"column":59}},"loc":{"start":{"line":82,"column":64},"end":{"line":84,"column":9}},"line":82},"9":{"name":"(anonymous_9)","decl":{"start":{"line":87,"column":52},"end":{"line":87,"column":53}},"loc":{"start":{"line":87,"column":58},"end":{"line":87,"column":70}},"line":87},"10":{"name":"(anonymous_10)","decl":{"start":{"line":90,"column":53},"end":{"line":90,"column":54}},"loc":{"start":{"line":90,"column":59},"end":{"line":90,"column":71}},"line":90},"11":{"name":"(anonymous_11)","decl":{"start":{"line":91,"column":53},"end":{"line":91,"column":54}},"loc":{"start":{"line":91,"column":59},"end":{"line":91,"column":71}},"line":91},"12":{"name":"(anonymous_12)","decl":{"start":{"line":92,"column":53},"end":{"line":92,"column":54}},"loc":{"start":{"line":92,"column":59},"end":{"line":92,"column":71}},"line":92},"13":{"name":"(anonymous_13)","decl":{"start":{"line":93,"column":53},"end":{"line":93,"column":54}},"loc":{"start":{"line":93,"column":59},"end":{"line":93,"column":71}},"line":93},"14":{"name":"addSpecialKey","decl":{"start":{"line":100,"column":9},"end":{"line":100,"column":22}},"loc":{"start":{"line":100,"column":31},"end":{"line":114,"column":1}},"line":100},"15":{"name":"(anonymous_15)","decl":{"start":{"line":102,"column":22},"end":{"line":102,"column":23}},"loc":{"start":{"line":102,"column":31},"end":{"line":113,"column":3}},"line":102},"16":{"name":"addRegularKey","decl":{"start":{"line":116,"column":9},"end":{"line":116,"column":22}},"loc":{"start":{"line":116,"column":31},"end":{"line":121,"column":1}},"line":116},"17":{"name":"createRow","decl":{"start":{"line":123,"column":9},"end":{"line":123,"column":18}},"loc":{"start":{"line":123,"column":22},"end":{"line":134,"column":1}},"line":123},"18":{"name":"onPressKey","decl":{"start":{"line":143,"column":9},"end":{"line":143,"column":19}},"loc":{"start":{"line":143,"column":27},"end":{"line":151,"column":1}},"line":143},"19":{"name":"(anonymous_19)","decl":{"start":{"line":153,"column":37},"end":{"line":153,"column":38}},"loc":{"start":{"line":153,"column":48},"end":{"line":157,"column":1}},"line":153},"20":{"name":"(anonymous_20)","decl":{"start":{"line":159,"column":35},"end":{"line":159,"column":36}},"loc":{"start":{"line":159,"column":46},"end":{"line":163,"column":1}},"line":159},"21":{"name":"(anonymous_21)","decl":{"start":{"line":165,"column":13},"end":{"line":165,"column":14}},"loc":{"start":{"line":165,"column":22},"end":{"line":165,"column":63}},"line":165}},"branchMap":{"0":{"loc":{"start":{"line":37,"column":2},"end":{"line":42,"column":3}},"type":"if","locations":[{"start":{"line":37,"column":2},"end":{"line":42,"column":3}},{"start":{},"end":{}}],"line":37},"1":{"loc":{"start":{"line":59,"column":2},"end":{"line":97,"column":3}},"type":"switch","locations":[{"start":{"line":60,"column":4},"end":{"line":64,"column":8}},{"start":{"line":65,"column":4},"end":{"line":69,"column":8}},{"start":{"line":70,"column":4},"end":{"line":73,"column":8}},{"start":{"line":74,"column":4},"end":{"line":78,"column":8}},{"start":{"line":79,"column":4},"end":{"line":94,"column":8}},{"start":{"line":95,"column":4},"end":{"line":96,"column":16}}],"line":59},"2":{"loc":{"start":{"line":103,"column":4},"end":{"line":112,"column":5}},"type":"if","locations":[{"start":{"line":103,"column":4},"end":{"line":112,"column":5}},{"start":{"line":110,"column":11},"end":{"line":112,"column":5}}],"line":103},"3":{"loc":{"start":{"line":104,"column":6},"end":{"line":107,"column":16}},"type":"binary-expr","locations":[{"start":{"line":104,"column":7},"end":{"line":104,"column":14}},{"start":{"line":104,"column":18},"end":{"line":104,"column":50}},{"start":{"line":105,"column":10},"end":{"line":105,"column":17}},{"start":{"line":105,"column":21},"end":{"line":105,"column":52}},{"start":{"line":106,"column":10},"end":{"line":106,"column":17}},{"start":{"line":106,"column":21},"end":{"line":106,"column":53}},{"start":{"line":107,"column":9},"end":{"line":107,"column":16}}],"line":104},"4":{"loc":{"start":{"line":145,"column":2},"end":{"line":150,"column":3}},"type":"if","locations":[{"start":{"line":145,"column":2},"end":{"line":150,"column":3}},{"start":{},"end":{}}],"line":145},"5":{"loc":{"start":{"line":146,"column":18},"end":{"line":148,"column":23}},"type":"cond-expr","locations":[{"start":{"line":147,"column":8},"end":{"line":147,"column":37}},{"start":{"line":148,"column":8},"end":{"line":148,"column":23}}],"line":146},"6":{"loc":{"start":{"line":154,"column":2},"end":{"line":156,"column":3}},"type":"if","locations":[{"start":{"line":154,"column":2},"end":{"line":156,"column":3}},{"start":{},"end":{}}],"line":154},"7":{"loc":{"start":{"line":160,"column":2},"end":{"line":162,"column":3}},"type":"if","locations":[{"start":{"line":160,"column":2},"end":{"line":162,"column":3}},{"start":{},"end":{}}],"line":160}},"s":{"0":1,"1":1,"2":1,"3":1,"4":1,"5":1,"6":1,"7":1,"8":1,"9":4,"10":1,"11":1,"12":1,"13":1,"14":1,"15":1,"16":1,"17":1,"18":1,"19":1,"20":1,"21":1,"22":1,"23":5,"24":1,"25":1,"26":0,"27":1,"28":0,"29":1,"30":1,"31":1,"32":0,"33":1,"34":0,"35":0,"36":0,"37":0,"38":0,"39":5,"40":5,"41":18,"42":14,"43":4,"44":5,"45":5,"46":45,"47":45,"48":5,"49":5,"50":5,"51":5,"52":5,"53":1,"54":1,"55":5,"56":5,"57":1,"58":3,"59":3,"60":3,"61":3,"62":1,"63":2,"64":1,"65":1,"66":0,"67":0,"68":1,"69":45},"f":{"0":1,"1":4,"2":1,"3":1,"4":5,"5":0,"6":0,"7":1,"8":0,"9":1,"10":0,"11":0,"12":0,"13":0,"14":5,"15":18,"16":5,"17":5,"18":3,"19":2,"20":0,"21":45},"b":{"0":[1,0],"1":[1,1,1,1,1,0],"2":[14,4],"3":[18,2,17,2,16,2,15],"4":[3,0],"5":[2,1],"6":[1,1],"7":[0,0]},"_coverageSchema":"1a1c01bbd47fc00a2c39e90264f33305004495a9","hash":"fb65a6d14bf8add90205e2a3b37f8a3b26203df9"}
,"/Users/annaostanina/Documents/VSCode/RS SCHOOL/virtual-keyboard/src/dataKeys.js": {"path":"/Users/annaostanina/Documents/VSCode/RS SCHOOL/virtual-keyboard/src/dataKeys.js","statementMap":{"0":{"start":{"line":1,"column":20},"end":{"line":7,"column":1}},"1":{"start":{"line":8,"column":33},"end":{"line":14,"column":1}}},"fnMap":{},"branchMap":{},"s":{"0":1,"1":1},"f":{},"b":{},"_coverageSchema":"1a1c01bbd47fc00a2c39e90264f33305004495a9","hash":"c0702f8dd97501d41339899cfdd9e46bc1158deb"}
,"/Users/annaostanina/Documents/VSCode/RS SCHOOL/virtual-keyboard/src/layout.js": {"path":"/Users/annaostanina/Documents/VSCode/RS SCHOOL/virtual-keyboard/src/layout.js","statementMap":{"0":{"start":{"line":2,"column":19},"end":{"line":2,"column":48}},"1":{"start":{"line":3,"column":2},"end":{"line":12,"column":4}},"2":{"start":{"line":13,"column":2},"end":{"line":13,"column":38}},"3":{"start":{"line":14,"column":2},"end":{"line":14,"column":18}},"4":{"start":{"line":18,"column":19},"end":{"line":18,"column":53}},"5":{"start":{"line":19,"column":2},"end":{"line":33,"column":4}},"6":{"start":{"line":34,"column":2},"end":{"line":34,"column":33}},"7":{"start":{"line":35,"column":2},"end":{"line":35,"column":18}},"8":{"start":{"line":39,"column":24},"end":{"line":39,"column":53}},"9":{"start":{"line":40,"column":2},"end":{"line":48,"column":4}},"10":{"start":{"line":49,"column":2},"end":{"line":49,"column":38}},"11":{"start":{"line":50,"column":2},"end":{"line":50,"column":23}},"12":{"start":{"line":54,"column":18},"end":{"line":54,"column":45}},"13":{"start":{"line":55,"column":2},"end":{"line":55,"column":120}},"14":{"start":{"line":56,"column":2},"end":{"line":64,"column":4}},"15":{"start":{"line":65,"column":2},"end":{"line":65,"column":32}},"16":{"start":{"line":66,"column":2},"end":{"line":66,"column":17}},"17":{"start":{"line":70,"column":14},"end":{"line":70,"column":43}},"18":{"start":{"line":71,"column":2},"end":{"line":71,"column":101}},"19":{"start":{"line":72,"column":2},"end":{"line":72,"column":25}},"20":{"start":{"line":73,"column":2},"end":{"line":75,"column":3}},"21":{"start":{"line":74,"column":4},"end":{"line":74,"column":48}},"22":{"start":{"line":76,"column":2},"end":{"line":76,"column":13}}},"fnMap":{"0":{"name":"createKeyboard","decl":{"start":{"line":1,"column":16},"end":{"line":1,"column":30}},"loc":{"start":{"line":1,"column":33},"end":{"line":15,"column":1}},"line":1},"1":{"name":"createTextarea","decl":{"start":{"line":17,"column":16},"end":{"line":17,"column":30}},"loc":{"start":{"line":17,"column":41},"end":{"line":36,"column":1}},"line":17},"2":{"name":"createContainerRows","decl":{"start":{"line":38,"column":16},"end":{"line":38,"column":35}},"loc":{"start":{"line":38,"column":46},"end":{"line":51,"column":1}},"line":38},"3":{"name":"createComment","decl":{"start":{"line":53,"column":16},"end":{"line":53,"column":29}},"loc":{"start":{"line":53,"column":40},"end":{"line":67,"column":1}},"line":53},"4":{"name":"createKey","decl":{"start":{"line":69,"column":16},"end":{"line":69,"column":25}},"loc":{"start":{"line":69,"column":55},"end":{"line":77,"column":1}},"line":69}},"branchMap":{"0":{"loc":{"start":{"line":73,"column":2},"end":{"line":75,"column":3}},"type":"if","locations":[{"start":{"line":73,"column":2},"end":{"line":75,"column":3}},{"start":{},"end":{}}],"line":73}},"s":{"0":4,"1":4,"2":4,"3":4,"4":2,"5":2,"6":2,"7":2,"8":2,"9":2,"10":2,"11":2,"12":1,"13":1,"14":1,"15":1,"16":1,"17":64,"18":64,"19":64,"20":64,"21":12,"22":64},"f":{"0":4,"1":2,"2":2,"3":1,"4":64},"b":{"0":[12,52]},"_coverageSchema":"1a1c01bbd47fc00a2c39e90264f33305004495a9","hash":"cb356287bbd215f562db63d718cebc6a90a01f40"}
,"/Users/annaostanina/Documents/VSCode/RS SCHOOL/virtual-keyboard/src/storage.js": {"path":"/Users/annaostanina/Documents/VSCode/RS SCHOOL/virtual-keyboard/src/storage.js","statementMap":{"0":{"start":{"line":1,"column":33},"end":{"line":3,"column":1}},"1":{"start":{"line":2,"column":2},"end":{"line":2,"column":75}},"2":{"start":{"line":5,"column":33},"end":{"line":7,"column":1}},"3":{"start":{"line":6,"column":2},"end":{"line":6,"column":63}},"4":{"start":{"line":9,"column":34},"end":{"line":12,"column":1}},"5":{"start":{"line":10,"column":26},"end":{"line":10,"column":65}},"6":{"start":{"line":11,"column":2},"end":{"line":11,"column":72}},"7":{"start":{"line":14,"column":27},"end":{"line":17,"column":1}},"8":{"start":{"line":15,"column":20},"end":{"line":15,"column":53}},"9":{"start":{"line":16,"column":2},"end":{"line":16,"column":60}}},"fnMap":{"0":{"name":"(anonymous_0)","decl":{"start":{"line":1,"column":33},"end":{"line":1,"column":34}},"loc":{"start":{"line":1,"column":54},"end":{"line":3,"column":1}},"line":1},"1":{"name":"(anonymous_1)","decl":{"start":{"line":5,"column":33},"end":{"line":5,"column":34}},"loc":{"start":{"line":5,"column":48},"end":{"line":7,"column":1}},"line":5},"2":{"name":"(anonymous_2)","decl":{"start":{"line":9,"column":34},"end":{"line":9,"column":35}},"loc":{"start":{"line":9,"column":40},"end":{"line":12,"column":1}},"line":9},"3":{"name":"(anonymous_3)","decl":{"start":{"line":14,"column":27},"end":{"line":14,"column":28}},"loc":{"start":{"line":14,"column":33},"end":{"line":17,"column":1}},"line":14}},"branchMap":{"0":{"loc":{"start":{"line":11,"column":9},"end":{"line":11,"column":71}},"type":"cond-expr","locations":[{"start":{"line":11,"column":36},"end":{"line":11,"column":41}},{"start":{"line":11,"column":44},"end":{"line":11,"column":71}}],"line":11},"1":{"loc":{"start":{"line":16,"column":9},"end":{"line":16,"column":59}},"type":"cond-expr","locations":[{"start":{"line":16,"column":30},"end":{"line":16,"column":35}},{"start":{"line":16,"column":38},"end":{"line":16,"column":59}}],"line":16}},"s":{"0":1,"1":1,"2":1,"3":1,"4":1,"5":2,"6":2,"7":1,"8":2,"9":2},"f":{"0":1,"1":1,"2":2,"3":2},"b":{"0":[0,2],"1":[0,2]},"_coverageSchema":"1a1c01bbd47fc00a2c39e90264f33305004495a9","hash":"2bdc67900755f2117761a47158dca23395687870"}
,"/Users/annaostanina/Documents/VSCode/RS SCHOOL/virtual-keyboard/src/utils.js": {"path":"/Users/annaostanina/Documents/VSCode/RS SCHOOL/virtual-keyboard/src/utils.js","statementMap":{"0":{"start":{"line":10,"column":15},"end":{"line":10,"column":48}},"1":{"start":{"line":11,"column":2},"end":{"line":16,"column":5}},"2":{"start":{"line":12,"column":23},"end":{"line":12,"column":26}},"3":{"start":{"line":13,"column":18},"end":{"line":13,"column":40}},"4":{"start":{"line":14,"column":4},"end":{"line":14,"column":78}},"5":{"start":{"line":15,"column":4},"end":{"line":15,"column":37}},"6":{"start":{"line":20,"column":24},"end":{"line":20,"column":44}},"7":{"start":{"line":21,"column":2},"end":{"line":21,"column":37}},"8":{"start":{"line":22,"column":2},"end":{"line":22,"column":30}},"9":{"start":{"line":23,"column":2},"end":{"line":23,"column":37}},"10":{"start":{"line":27,"column":21},"end":{"line":27,"column":57}},"11":{"start":{"line":28,"column":24},"end":{"line":28,"column":65}},"12":{"start":{"line":30,"column":2},"end":{"line":36,"column":3}},"13":{"start":{"line":30,"column":15},"end":{"line":30,"column":16}},"14":{"start":{"line":31,"column":23},"end":{"line":31,"column":48}},"15":{"start":{"line":33,"column":4},"end":{"line":35,"column":5}},"16":{"start":{"line":33,"column":17},"end":{"line":33,"column":18}},"17":{"start":{"line":34,"column":6},"end":{"line":34,"column":64}},"18":{"start":{"line":40,"column":18},"end":{"line":40,"column":31}},"19":{"start":{"line":41,"column":2},"end":{"line":41,"column":25}},"20":{"start":{"line":42,"column":2},"end":{"line":42,"column":26}},"21":{"start":{"line":43,"column":2},"end":{"line":43,"column":31}}},"fnMap":{"0":{"name":"chooseCase","decl":{"start":{"line":9,"column":16},"end":{"line":9,"column":26}},"loc":{"start":{"line":9,"column":44},"end":{"line":17,"column":1}},"line":9},"1":{"name":"(anonymous_1)","decl":{"start":{"line":11,"column":15},"end":{"line":11,"column":16}},"loc":{"start":{"line":11,"column":24},"end":{"line":16,"column":3}},"line":11},"2":{"name":"toggleCapslock","decl":{"start":{"line":19,"column":16},"end":{"line":19,"column":30}},"loc":{"start":{"line":19,"column":33},"end":{"line":24,"column":1}},"line":19},"3":{"name":"addTextToKey","decl":{"start":{"line":26,"column":16},"end":{"line":26,"column":28}},"loc":{"start":{"line":26,"column":40},"end":{"line":37,"column":1}},"line":26},"4":{"name":"toggleLanguage","decl":{"start":{"line":39,"column":16},"end":{"line":39,"column":30}},"loc":{"start":{"line":39,"column":33},"end":{"line":44,"column":1}},"line":39}},"branchMap":{"0":{"loc":{"start":{"line":14,"column":14},"end":{"line":14,"column":77}},"type":"cond-expr","locations":[{"start":{"line":14,"column":32},"end":{"line":14,"column":53}},{"start":{"line":14,"column":56},"end":{"line":14,"column":77}}],"line":14},"1":{"loc":{"start":{"line":27,"column":21},"end":{"line":27,"column":57}},"type":"cond-expr","locations":[{"start":{"line":27,"column":33},"end":{"line":27,"column":50}},{"start":{"line":27,"column":53},"end":{"line":27,"column":57}}],"line":27}},"s":{"0":4,"1":4,"2":24,"3":24,"4":24,"5":24,"6":2,"7":2,"8":2,"9":2,"10":0,"11":0,"12":0,"13":0,"14":0,"15":0,"16":0,"17":0,"18":0,"19":0,"20":0,"21":0},"f":{"0":4,"1":24,"2":2,"3":0,"4":0},"b":{"0":[12,12],"1":[0,0]},"_coverageSchema":"1a1c01bbd47fc00a2c39e90264f33305004495a9","hash":"e67d0cb52406aa1ef54a7351781881276e20ade5"}
}
