TN:
SF:index.js
FN:17,(anonymous_0)
FN:31,addText
FN:35,deletePreviousChar
FN:45,addEnter
FN:58,createSpecialKeys
FN:67,(anonymous_5)
FN:72,(anonymous_6)
FN:81,(anonymous_7)
FN:82,(anonymous_8)
FN:87,(anonymous_9)
FN:90,(anonymous_10)
FN:91,(anonymous_11)
FN:92,(anonymous_12)
FN:93,(anonymous_13)
FN:100,addSpecialKey
FN:102,(anonymous_15)
FN:116,addRegularKey
FN:123,createRow
FN:143,onPressKey
FN:153,(anonymous_19)
FN:159,(anonymous_20)
FN:165,(anonymous_21)
FNF:22
FNH:14
FNDA:1,(anonymous_0)
FNDA:4,addText
FNDA:1,deletePreviousChar
FNDA:1,addEnter
FNDA:5,createSpecialKeys
FNDA:0,(anonymous_5)
FNDA:0,(anonymous_6)
FNDA:1,(anonymous_7)
FNDA:0,(anonymous_8)
FNDA:1,(anonymous_9)
FNDA:0,(anonymous_10)
FNDA:0,(anonymous_11)
FNDA:0,(anonymous_12)
FNDA:0,(anonymous_13)
FNDA:5,addSpecialKey
FNDA:18,(anonymous_15)
FNDA:5,addRegularKey
FNDA:5,createRow
FNDA:3,onPressKey
FNDA:2,(anonymous_19)
FNDA:0,(anonymous_20)
FNDA:45,(anonymous_21)
DA:17,1
DA:18,1
DA:19,1
DA:20,1
DA:21,1
DA:26,1
DA:27,1
DA:28,1
DA:29,1
DA:32,4
DA:36,1
DA:37,1
DA:38,1
DA:39,1
DA:40,1
DA:41,1
DA:46,1
DA:47,1
DA:48,1
DA:52,1
DA:53,1
DA:54,1
DA:55,1
DA:59,5
DA:61,1
DA:66,1
DA:67,0
DA:71,1
DA:72,0
DA:75,1
DA:80,1
DA:81,1
DA:83,0
DA:87,1
DA:90,0
DA:91,0
DA:92,0
DA:93,0
DA:96,0
DA:101,5
DA:102,5
DA:103,18
DA:109,14
DA:111,4
DA:117,5
DA:118,45
DA:119,45
DA:124,5
DA:125,5
DA:128,5
DA:131,5
DA:133,5
DA:136,1
DA:137,5
DA:138,5
DA:141,1
DA:144,3
DA:145,3
DA:146,3
DA:149,3
DA:153,1
DA:154,2
DA:155,1
DA:159,1
DA:160,0
DA:161,0
DA:165,45
LF:67
LH:57
BRDA:37,0,0,1
BRDA:37,0,1,0
BRDA:59,1,0,1
BRDA:59,1,1,1
BRDA:59,1,2,1
BRDA:59,1,3,1
BRDA:59,1,4,1
BRDA:59,1,5,0
BRDA:103,2,0,14
BRDA:103,2,1,4
BRDA:104,3,0,18
BRDA:104,3,1,2
BRDA:104,3,2,17
BRDA:104,3,3,2
BRDA:104,3,4,16
BRDA:104,3,5,2
BRDA:104,3,6,15
BRDA:145,4,0,3
BRDA:145,4,1,0
BRDA:146,5,0,2
BRDA:146,5,1,1
BRDA:154,6,0,1
BRDA:154,6,1,1
BRDA:160,7,0,0
BRDA:160,7,1,0
BRF:25
BRH:20
end_of_record
TN:
SF:src/dataKeys.js
FNF:0
FNH:0
DA:1,1
DA:8,1
LF:2
LH:2
BRF:0
BRH:0
end_of_record
TN:
SF:src/layout.js
FN:1,createKeyboard
FN:17,createTextarea
FN:38,createContainerRows
FN:53,createComment
FN:69,createKey
FNF:5
FNH:5
FNDA:4,createKeyboard
FNDA:2,createTextarea
FNDA:2,createContainerRows
FNDA:1,createComment
FNDA:64,createKey
DA:2,4
DA:3,4
DA:13,4
DA:14,4
DA:18,2
DA:19,2
DA:34,2
DA:35,2
DA:39,2
DA:40,2
DA:49,2
DA:50,2
DA:54,1
DA:55,1
DA:56,1
DA:65,1
DA:66,1
DA:70,64
DA:71,64
DA:72,64
DA:73,64
DA:74,12
DA:76,64
LF:23
LH:23
BRDA:73,0,0,12
BRDA:73,0,1,52
BRF:2
BRH:2
end_of_record
TN:
SF:src/storage.js
FN:1,(anonymous_0)
FN:5,(anonymous_1)
FN:9,(anonymous_2)
FN:14,(anonymous_3)
FNF:4
FNH:4
FNDA:1,(anonymous_0)
FNDA:1,(anonymous_1)
FNDA:2,(anonymous_2)
FNDA:2,(anonymous_3)
DA:1,1
DA:2,1
DA:5,1
DA:6,1
DA:9,1
DA:10,2
DA:11,2
DA:14,1
DA:15,2
DA:16,2
LF:10
LH:10
BRDA:11,0,0,0
BRDA:11,0,1,2
BRDA:16,1,0,0
BRDA:16,1,1,2
BRF:4
BRH:2
end_of_record
TN:
SF:src/utils.js
FN:9,chooseCase
FN:11,(anonymous_1)
FN:19,toggleCapslock
FN:26,addTextToKey
FN:39,toggleLanguage
FNF:5
FNH:3
FNDA:4,chooseCase
FNDA:24,(anonymous_1)
FNDA:2,toggleCapslock
FNDA:0,addTextToKey
FNDA:0,toggleLanguage
DA:10,4
DA:11,4
DA:12,24
DA:13,24
DA:14,24
DA:15,24
DA:20,2
DA:21,2
DA:22,2
DA:23,2
DA:27,0
DA:28,0
DA:30,0
DA:31,0
DA:33,0
DA:34,0
DA:40,0
DA:41,0
DA:42,0
DA:43,0
LF:20
LH:10
BRDA:14,0,0,12
BRDA:14,0,1,12
BRDA:27,1,0,0
BRDA:27,1,1,0
BRF:4
BRH:2
end_of_record
