TN:
SF:index.js
FN:17,(anonymous_0)
FN:31,addText
FN:35,deletePreviousChar
FN:45,addEnter
FN:56,createSpecialKeys
FN:65,(anonymous_5)
FN:70,(anonymous_6)
FN:79,(anonymous_7)
FN:80,(anonymous_8)
FN:83,(anonymous_9)
FN:86,(anonymous_10)
FN:87,(anonymous_11)
FN:88,(anonymous_12)
FN:89,(anonymous_13)
FN:96,addSpecialKey
FN:98,(anonymous_15)
FN:107,addRegularKey
FN:114,createRow
FN:134,onPressKey
FN:144,(anonymous_19)
FN:150,(anonymous_20)
FN:156,(anonymous_21)
FNF:22
FNH:14
FNDA:1,(anonymous_0)
FNDA:4,addText
FNDA:1,deletePreviousChar
FNDA:1,addEnter
FNDA:5,createSpecialKeys
FNDA:0,(anonymous_5)
FNDA:0,(anonymous_6)
FNDA:1,(anonymous_7)
FNDA:0,(anonymous_8)
FNDA:1,(anonymous_9)
FNDA:0,(anonymous_10)
FNDA:0,(anonymous_11)
FNDA:0,(anonymous_12)
FNDA:0,(anonymous_13)
FNDA:5,addSpecialKey
FNDA:18,(anonymous_15)
FNDA:5,addRegularKey
FNDA:5,createRow
FNDA:3,onPressKey
FNDA:2,(anonymous_19)
FNDA:0,(anonymous_20)
FNDA:45,(anonymous_21)
DA:17,1
DA:18,1
DA:19,1
DA:20,1
DA:21,1
DA:26,1
DA:27,1
DA:28,1
DA:29,1
DA:32,4
DA:36,1
DA:37,1
DA:38,1
DA:39,1
DA:40,1
DA:41,1
DA:46,1
DA:47,1
DA:48,1
DA:50,1
DA:51,1
DA:52,1
DA:53,1
DA:57,5
DA:59,1
DA:64,1
DA:65,0
DA:69,1
DA:70,0
DA:73,1
DA:78,1
DA:79,1
DA:80,0
DA:83,1
DA:86,0
DA:87,0
DA:88,0
DA:89,0
DA:92,0
DA:97,5
DA:98,5
DA:99,18
DA:100,14
DA:102,4
DA:108,5
DA:109,45
DA:110,45
DA:115,5
DA:116,5
DA:119,5
DA:122,5
DA:124,5
DA:127,1
DA:128,5
DA:129,5
DA:132,1
DA:135,3
DA:136,3
DA:137,3
DA:140,3
DA:144,1
DA:145,2
DA:146,1
DA:150,1
DA:151,0
DA:152,0
DA:156,45
LF:67
LH:57
BRDA:37,0,0,1
BRDA:37,0,1,0
BRDA:57,1,0,1
BRDA:57,1,1,1
BRDA:57,1,2,1
BRDA:57,1,3,1
BRDA:57,1,4,1
BRDA:57,1,5,0
BRDA:99,2,0,14
BRDA:99,2,1,4
BRDA:99,3,0,18
BRDA:99,3,1,2
BRDA:99,3,2,17
BRDA:99,3,3,2
BRDA:99,3,4,16
BRDA:99,3,5,2
BRDA:99,3,6,15
BRDA:136,4,0,3
BRDA:136,4,1,0
BRDA:137,5,0,2
BRDA:137,5,1,1
BRDA:145,6,0,1
BRDA:145,6,1,1
BRDA:151,7,0,0
BRDA:151,7,1,0
BRF:25
BRH:20
end_of_record
TN:
SF:src/dataKeys.js
FNF:0
FNH:0
DA:1,1
DA:8,1
LF:2
LH:2
BRF:0
BRH:0
end_of_record
TN:
SF:src/layout.js
FN:1,(anonymous_0)
FN:8,(anonymous_1)
FN:15,(anonymous_2)
FN:22,(anonymous_3)
FN:29,createKey
FNF:5
FNH:5
FNDA:4,(anonymous_0)
FNDA:2,(anonymous_1)
FNDA:2,(anonymous_2)
FNDA:1,(anonymous_3)
FNDA:64,createKey
DA:1,2
DA:2,4
DA:3,4
DA:4,4
DA:5,4
DA:8,2
DA:9,2
DA:10,2
DA:11,2
DA:12,2
DA:15,2
DA:16,2
DA:17,2
DA:18,2
DA:19,2
DA:22,2
DA:23,1
DA:24,1
DA:25,1
DA:26,1
DA:30,64
DA:31,64
DA:32,64
DA:33,64
DA:34,12
DA:36,64
LF:26
LH:26
BRDA:33,0,0,12
BRDA:33,0,1,52
BRF:2
BRH:2
end_of_record
TN:
SF:src/storage.js
FN:1,(anonymous_0)
FN:5,(anonymous_1)
FN:9,(anonymous_2)
FN:14,(anonymous_3)
FNF:4
FNH:4
FNDA:1,(anonymous_0)
FNDA:1,(anonymous_1)
FNDA:2,(anonymous_2)
FNDA:2,(anonymous_3)
DA:1,1
DA:2,1
DA:5,1
DA:6,1
DA:9,1
DA:10,2
DA:11,2
DA:14,1
DA:15,2
DA:16,2
LF:10
LH:10
BRDA:11,0,0,0
BRDA:11,0,1,2
BRDA:16,1,0,0
BRDA:16,1,1,2
BRF:4
BRH:2
end_of_record
TN:
SF:src/utils.js
FN:9,chooseCase
FN:11,(anonymous_1)
FN:19,toggleCapslock
FN:26,addTextToKey
FN:39,toggleLanguage
FNF:5
FNH:3
FNDA:4,chooseCase
FNDA:24,(anonymous_1)
FNDA:2,toggleCapslock
FNDA:0,addTextToKey
FNDA:0,toggleLanguage
DA:10,4
DA:11,4
DA:12,24
DA:13,24
DA:14,24
DA:15,24
DA:20,2
DA:21,2
DA:22,2
DA:23,2
DA:27,0
DA:28,0
DA:30,0
DA:31,0
DA:33,0
DA:34,0
DA:40,0
DA:41,0
DA:42,0
DA:43,0
LF:20
LH:10
BRDA:14,0,0,12
BRDA:14,0,1,12
BRDA:27,1,0,0
BRDA:27,1,1,0
BRF:4
BRH:2
end_of_record
